<?xml version="1.0" encoding="UTF-8"?>
<!-- Generated by org.testng.reporters.JUnitXMLReporter -->
<testsuite hostname="SVRODK00097" ignored="0" name="automationPractice" tests="1" failures="1" timestamp="25 Jul 2018 13:19:45 GMT" time="20.843" errors="0">
  <testcase name="@AfterClass tearDown" time="0.0" classname="test.BaseTest">
    <failure type="java.lang.NullPointerException">
      <![CDATA[java.lang.NullPointerException
at pages.BasePage.tearDownP(BasePage.java:91)
at test.BaseTest.tearDown(BaseTest.java:26)
... Removed 26 stack frames]]>
    </failure>
  </testcase> <!-- @AfterClass tearDown -->
  <testcase name="validContactPageTest" time="0.004" classname="test.sv.ContactPageTest">
    <failure type="java.lang.NullPointerException">
      <![CDATA[java.lang.NullPointerException
at pages.BasePage.navigateTo(BasePage.java:100)
at pages.sv.ContactPage.confirmContactPage(ContactPage.java:9)
at test.sv.ContactPageTest.validContactPageTest(ContactPageTest.java:14)
... Removed 25 stack frames]]>
    </failure>
  </testcase> <!-- validContactPageTest -->
</testsuite> <!-- automationPractice -->
